# JRE version: OpenJDK Runtime Environment Temurin-22.0.2+9 (22.0.2+9) (build 22.0.2+9)
# Java VM: OpenJDK 64-Bit Server VM Temurin-22.0.2+9 (22.0.2+9, mixed mode, emulated-client, tiered, compressed oops, compressed class ptrs, g1 gc, windows-amd64)
GC Precious Log:
 CardTable entry size: 512
 Card Set container configuration: InlinePtr #cards 5 size 8 Array Of Cards #cards 12 size 40 Howl #buckets 4 coarsen threshold 1843 Howl Bitmap #cards 512 size 80 coarsen threshold 460 Card regions per heap region 1 cards per card region 2048
 CPUs: 8 total, 8 available
 Memory: 7998M
 Large Page Support: Disabled
 NUMA Support: Disabled
 Compressed Oops: Enabled (32-bit)
 Heap Region Size: 1M
 Heap Min Capacity: 8M
 Heap Initial Capacity: 126M
 Heap Max Capacity: 2000M
 Pre-touch: Disabled
 Parallel Workers: 8
 Concurrent Workers: 2
 Concurrent Refinement Workers: 8
 Periodic GC: Disabled
Heap:
 garbage-first heap   total reserved 2048000K, committed 91136K, used 62447K [0x0000000083000000, 0x0000000100000000)
  region size 1024K, 24 young (24576K), 3 survivors (3072K)
 Metaspace       used 95481K, committed 96256K, reserved 1179648K
  class space    used 13308K, committed 13632K, reserved 1048576K
GC Heap History (20 events):
Event: 1496.428 GC heap before
{Heap before GC invocations=84 (full 0):
 garbage-first heap   total reserved 2048000K, committed 91136K, used 84173K [0x0000000083000000, 0x0000000100000000)
  region size 1024K, 45 young (46080K), 1 survivors (1024K)
 Metaspace       used 94696K, committed 95936K, reserved 1179648K
  class space    used 13169K, committed 13632K, reserved 1048576K
}
Event: 1496.435 GC heap after
{Heap after GC invocations=85 (full 0):
 garbage-first heap   total reserved 2048000K, committed 91136K, used 38942K [0x0000000083000000, 0x0000000100000000)
  region size 1024K, 1 young (1024K), 1 survivors (1024K)
 Metaspace       used 94696K, committed 95936K, reserved 1179648K
  class space    used 13169K, committed 13632K, reserved 1048576K
}
Event: 1546.746 GC heap before
{Heap before GC invocations=85 (full 0):
 garbage-first heap   total reserved 2048000K, committed 91136K, used 83998K [0x0000000083000000, 0x0000000100000000)
  region size 1024K, 45 young (46080K), 1 survivors (1024K)
 Metaspace       used 94696K, committed 95936K, reserved 1179648K
  class space    used 13169K, committed 13632K, reserved 1048576K
}
Event: 1546.750 GC heap after
{Heap after GC invocations=86 (full 0):
 garbage-first heap   total reserved 2048000K, committed 91136K, used 39317K [0x0000000083000000, 0x0000000100000000)
  region size 1024K, 1 young (1024K), 1 survivors (1024K)
 Metaspace       used 94696K, committed 95936K, reserved 1179648K
  class space    used 13169K, committed 13632K, reserved 1048576K
}
Event: 1595.244 GC heap before
{Heap before GC invocations=87 (full 0):
 garbage-first heap   total reserved 2048000K, committed 91136K, used 84373K [0x0000000083000000, 0x0000000100000000)
  region size 1024K, 45 young (46080K), 1 survivors (1024K)
 Metaspace       used 94698K, committed 95936K, reserved 1179648K
  class space    used 13169K, committed 13632K, reserved 1048576K
}
Event: 1595.248 GC heap after
{Heap after GC invocations=88 (full 0):
 garbage-first heap   total reserved 2048000K, committed 91136K, used 39189K [0x0000000083000000, 0x0000000100000000)
  region size 1024K, 1 young (1024K), 1 survivors (1024K)
 Metaspace       used 94698K, committed 95936K, reserved 1179648K
  class space    used 13169K, committed 13632K, reserved 1048576K
}
Event: 1638.869 GC heap before
{Heap before GC invocations=88 (full 0):
 garbage-first heap   total reserved 2048000K, committed 91136K, used 84245K [0x0000000083000000, 0x0000000100000000)
  region size 1024K, 45 young (46080K), 1 survivors (1024K)
 Metaspace       used 94698K, committed 95936K, reserved 1179648K
  class space    used 13169K, committed 13632K, reserved 1048576K
}
Event: 1638.879 GC heap after
{Heap after GC invocations=89 (full 0):
 garbage-first heap   total reserved 2048000K, committed 91136K, used 39023K [0x0000000083000000, 0x0000000100000000)
  region size 1024K, 1 young (1024K), 1 survivors (1024K)
 Metaspace       used 94698K, committed 95936K, reserved 1179648K
  class space    used 13169K, committed 13632K, reserved 1048576K
}
Event: 1682.578 GC heap before
{Heap before GC invocations=89 (full 0):
 garbage-first heap   total reserved 2048000K, committed 91136K, used 83055K [0x0000000083000000, 0x0000000100000000)
  region size 1024K, 45 young (46080K), 1 survivors (1024K)
 Metaspace       used 94776K, committed 96000K, reserved 1179648K
  class space    used 13178K, committed 13632K, reserved 1048576K
}
Event: 1682.581 GC heap after
{Heap after GC invocations=90 (full 0):
 garbage-first heap   total reserved 2048000K, committed 91136K, used 39431K [0x0000000083000000, 0x0000000100000000)
  region size 1024K, 2 young (2048K), 2 survivors (2048K)
 Metaspace       used 94776K, committed 96000K, reserved 1179648K
  class space    used 13178K, committed 13632K, reserved 1048576K
}
Event: 1725.576 GC heap before
{Heap before GC invocations=91 (full 0):
 garbage-first heap   total reserved 2048000K, committed 91136K, used 82439K [0x0000000083000000, 0x0000000100000000)
  region size 1024K, 44 young (45056K), 2 survivors (2048K)
 Metaspace       used 94776K, committed 96000K, reserved 1179648K
  class space    used 13178K, committed 13632K, reserved 1048576K
}
Event: 1725.581 GC heap after
{Heap after GC invocations=92 (full 0):
 garbage-first heap   total reserved 2048000K, committed 91136K, used 39259K [0x0000000083000000, 0x0000000100000000)
  region size 1024K, 1 young (1024K), 1 survivors (1024K)
 Metaspace       used 94776K, committed 96000K, reserved 1179648K
  class space    used 13178K, committed 13632K, reserved 1048576K
}
Event: 1767.327 GC heap before
{Heap before GC invocations=92 (full 0):
 garbage-first heap   total reserved 2048000K, committed 91136K, used 84315K [0x0000000083000000, 0x0000000100000000)
  region size 1024K, 45 young (46080K), 1 survivors (1024K)
 Metaspace       used 94801K, committed 96000K, reserved 1179648K
  class space    used 13182K, committed 13632K, reserved 1048576K
}
Event: 1767.332 GC heap after
{Heap after GC invocations=93 (full 0):
 garbage-first heap   total reserved 2048000K, committed 91136K, used 39099K [0x0000000083000000, 0x0000000100000000)
  region size 1024K, 1 young (1024K), 1 survivors (1024K)
 Metaspace       used 94801K, committed 96000K, reserved 1179648K
  class space    used 13182K, committed 13632K, reserved 1048576K
}
Event: 1780.183 GC heap before
{Heap before GC invocations=93 (full 0):
 garbage-first heap   total reserved 2048000K, committed 91136K, used 58555K [0x0000000083000000, 0x0000000100000000)
  region size 1024K, 21 young (21504K), 1 survivors (1024K)
 Metaspace       used 94997K, committed 96064K, reserved 1179648K
  class space    used 13235K, committed 13632K, reserved 1048576K
}
Event: 1780.255 GC heap after
{Heap after GC invocations=94 (full 1):
 garbage-first heap   total reserved 2048000K, committed 91136K, used 34119K [0x0000000083000000, 0x0000000100000000)
  region size 1024K, 0 young (0K), 0 survivors (0K)
 Metaspace       used 94990K, committed 96064K, reserved 1179648K
  class space    used 13233K, committed 13632K, reserved 1048576K
}
Event: 1781.895 GC heap before
{Heap before GC invocations=94 (full 1):
 garbage-first heap   total reserved 2048000K, committed 91136K, used 83271K [0x0000000083000000, 0x0000000100000000)
  region size 1024K, 49 young (50176K), 0 survivors (0K)
 Metaspace       used 95143K, committed 96064K, reserved 1179648K
  class space    used 13266K, committed 13632K, reserved 1048576K
}
Event: 1781.903 GC heap after
{Heap after GC invocations=95 (full 1):
 garbage-first heap   total reserved 2048000K, committed 91136K, used 39058K [0x0000000083000000, 0x0000000100000000)
  region size 1024K, 5 young (5120K), 5 survivors (5120K)
 Metaspace       used 95143K, committed 96064K, reserved 1179648K
  class space    used 13266K, committed 13632K, reserved 1048576K
}
Event: 1782.918 GC heap before
{Heap before GC invocations=96 (full 1):
 garbage-first heap   total reserved 2048000K, committed 91136K, used 77970K [0x0000000083000000, 0x0000000100000000)
  region size 1024K, 44 young (45056K), 5 survivors (5120K)
 Metaspace       used 95264K, committed 96064K, reserved 1179648K
  class space    used 13295K, committed 13632K, reserved 1048576K
}
Event: 1782.929 GC heap after
{Heap after GC invocations=97 (full 1):
 garbage-first heap   total reserved 2048000K, committed 91136K, used 41967K [0x0000000083000000, 0x0000000100000000)
  region size 1024K, 3 young (3072K), 3 survivors (3072K)
 Metaspace       used 95264K, committed 96064K, reserved 1179648K
  class space    used 13295K, committed 13632K, reserved 1048576K
}

